#
# A fatal error has been detected by the Java Runtime Environment:
#
#  SIGSEGV (0xb) at pc=0x00007ff1be048ea1, pid=3161, tid=3181
#
# JRE version: OpenJDK Runtime Environment (11.0.14+9) (build 11.0.14+9-post-Debian-1deb10u1)
# Java VM: OpenJDK 64-Bit Server VM (11.0.14+9-post-Debian-1deb10u1, mixed mode, sharing, tiered, compressed oops, g1 gc, linux-amd64)
# Problematic frame:
# C  [libjimage.so+0x2ea1]
#
# No core dump will be written. Core dumps have been disabled. To enable core dumping, try "ulimit -c unlimited" before starting Java again
#
# If you would like to submit a bug report, please visit:
#   https://bugs.debian.org/openjdk-11
#

---------------  S U M M A R Y ------------

Command Line: -agentlib:jdwp=transport=dt_socket,suspend=y,address=localhost:43179 -javaagent:/home/pan/eclipse/jee-2020-09/eclipse/configuration/org.eclipse.osgi/401/0/.cp/lib/javaagent-shaded.jar -Dfile.encoding=UTF-8 com.cinqc.maraichage.MaraichageApplication

Host: Intel(R) Pentium(R) CPU 4405U @ 2.10GHz, 4 cores, 3G, Debian GNU/Linux 10 (buster)
Time: Fri Aug 19 11:01:50 2022 CEST elapsed time: 248.503703 seconds (0d 0h 4m 8s)

---------------  T H R E A D  ---------------

Current thread (0x00007ff1b8132000):  JavaThread "Signal Dispatcher" daemon [_thread_in_vm, id=3181, stack(0x00007ff198502000,0x00007ff198603000)]

Stack: [0x00007ff198502000,0x00007ff198603000],  sp=0x00007ff198600220,  free space=1016k
Native frames: (J=compiled Java code, A=aot compiled Java code, j=interpreted, Vv=VM code, C=native code)
C  [libjimage.so+0x2ea1]
C  [libjimage.so+0x3a1a]
C  [libjimage.so+0x3ee5]  JIMAGE_FindResource+0xd5
V  [libjvm.so+0x5a284f]
V  [libjvm.so+0x5a496b]
V  [libjvm.so+0xd95d1c]
V  [libjvm.so+0xd94962]
V  [libjvm.so+0xd96e46]
V  [libjvm.so+0x64c1cd]
V  [libjvm.so+0x83660a]
j  jdk.internal.misc.Signal.dispatch(I)V+25 java.base@11.0.14
v  ~StubRoutines::call_stub
V  [libjvm.so+0x83f1e3]
V  [libjvm.so+0x83e070]
V  [libjvm.so+0xb7b6b9]
V  [libjvm.so+0xdcbd00]
V  [libjvm.so+0xdc7e19]
V  [libjvm.so+0xb8d52e]

Java frames: (J=compiled Java code, j=interpreted, Vv=VM code)
j  jdk.internal.misc.Signal.dispatch(I)V+25 java.base@11.0.14
v  ~StubRoutines::call_stub

siginfo: si_signo: 11 (SIGSEGV), si_code: 1 (SEGV_MAPERR), si_addr: 0x00007ff1af84be58

Register to memory mapping:

RAX=0x0000000000003b8f is an unknown value
RBX=0x00007ff1986002d1 is pointing into the stack for thread: 0x00007ff1b8132000
RCX=0x00007ff1af83d01c is an unknown value
RDX=0x0000000000003b8f is an unknown value
RSP=0x00007ff198600220 is pointing into the stack for thread: 0x00007ff1b8132000
RBP=0x00007ff198600240 is pointing into the stack for thread: 0x00007ff1b8132000
RSI=0x00007ff1986002d0 is pointing into the stack for thread: 0x00007ff1b8132000
RDI=0x00007ff1be04e030: <offset 0x0000000000008030> in /usr/lib/jvm/java-11-openjdk-amd64/lib/libjimage.so at 0x00007ff1be046000
R8 =0x0 is NULL
R9 =0x0000000076100fa4 is an unknown value
R10=0x00007ff1986002f3 is pointing into the stack for thread: 0x00007ff1b8132000
R11=0x6c616e6769532f63 is an unknown value
R12=0x00007ff1986002d0 is pointing into the stack for thread: 0x00007ff1b8132000
R13=0x000000000000846f is an unknown value
R14=0x00007ff198601368 is pointing into the stack for thread: 0x00007ff1b8132000
R15=0x00007ff1b8132c70 points into unknown readable memory: 0x65746e692f6b646a | 6a 64 6b 2f 69 6e 74 65


Registers:
RAX=0x0000000000003b8f, RBX=0x00007ff1986002d1, RCX=0x00007ff1af83d01c, RDX=0x0000000000003b8f
RSP=0x00007ff198600220, RBP=0x00007ff198600240, RSI=0x00007ff1986002d0, RDI=0x00007ff1be04e030
R8 =0x0000000000000000, R9 =0x0000000076100fa4, R10=0x00007ff1986002f3, R11=0x6c616e6769532f63
R12=0x00007ff1986002d0, R13=0x000000000000846f, R14=0x00007ff198601368, R15=0x00007ff1b8132c70
RIP=0x00007ff1be048ea1, EFLAGS=0x0000000000010246, CSGSFS=0x002b000000000033, ERR=0x0000000000000004
  TRAPNO=0x000000000000000e

Top of Stack: (sp=0x00007ff198600220)
0x00007ff198600220:   0000000000000000 00007ff1b8026a90
0x00007ff198600230:   0000000000000000 00007ff1986002d0
0x00007ff198600240:   00007ff1986002b0 00007ff1be049a1a
0x00007ff198600250:   0000000000000000 0000000000000000 

Instructions: (pc=0x00007ff1be048ea1)
0x00007ff1be048da1:   48 89 df 48 89 4d 88 e8 83 f3 ff ff 48 8b 4d 88
0x00007ff1be048db1:   44 03 6d 90 e9 42 fd ff ff 66 0f 1f 44 00 00 8b
0x00007ff1be048dc1:   08 41 89 0e 44 89 c1 8b 74 08 fc 41 89 74 0e fc
0x00007ff1be048dd1:   e9 d8 fe ff ff 66 2e